<?xml version="1.0" encoding="UTF-8"?>
<!-- Generated by org.testng.reporters.JUnitReportReporter -->
<testsuite skipped="0" hostname="DESKTOP-NSQM51R" name="TN_testing.TNHome" tests="1" failures="0" timestamp="2019-12-26T00:37:09 CET" time="14.769" errors="0">
  <testcase name="beforeClass" time="14.769" classname="TN_testing.TNHome"/>
</testsuite> <!-- TN_testing.TNHome -->
